20:58:31 **** Incremental Build of configuration Debug for project ARM_SYSTEM ****
make all 
Building file: ../src/uart/uart.c
Invoking: ARM C Compiler 5
armcc --cpu=Cortex-A9 --no_unaligned_access -DALT_FPGA_ENABLE_DMA_SUPPORT=1 -Dsoc_cv_av -I"/home/jared/Desktop/smartcart/de1-hardware/project/arm/ARM_SYSTEM/lib/hwlib" -I"/home/jared/Desktop/smartcart/de1-hardware/project/arm/ARM_SYSTEM/lib/soc_cv_av" --c99 -O0 -g --md --depend_format=unix_escaped -c -o "src/uart/uart.o" "../src/uart/uart.c"
Warning: C9931W: Your license for feature ulteval_armcompiler will expire in 20 days
"../src/uart/uart.c", line 23: Warning:  #177-D: variable "test" was declared but never referenced
  	long test = 1U << 7;
  	     ^
"../src/uart/uart.c", line 107: Warning:  #550-D: variable "unwanted_char" was set but never used
      int unwanted_char;
          ^
../src/uart/uart.c: 2 warnings, 0 errors
Finished building: ../src/uart/uart.c
 
Building target: ARM_SYSTEM.axf
Invoking: ARM Linker 5
armlink --cpu=Cortex-A9 --scatter="/home/jared/Desktop/smartcart/de1-hardware/project/arm/ARM_SYSTEM/CPEN391.scat" --info=sizes -o "ARM_SYSTEM.axf"  ./src/wifi/wifi.o  ./src/uart/alt_16550_uart.o ./src/uart/uart.o  ./src/io/digital.o  ./src/hx711/hx711.o  ./src/delay/alt_clock_manager.o ./src/delay/alt_globaltmr.o ./src/delay/delay.o  ./src/bluetooth/bluetooth.o  ./src/main.o   
Warning: L9931W: Your license for feature ulteval_armcompiler will expire in 20 days
Finished: 0 information, 1 warning and 0 error messages.

==============================================================================

Image component sizes


      Code (inc. data)   RO Data    RW Data    ZI Data      Debug   Object Name

       164         16          0          0          0        895   bluetooth.o
        28          8          0          0          0        523   main.o
       440          4          0          0          0       2170   uart.o
         0          0          0          0          0       1444   wifi.o

    ----------------------------------------------------------------------
       632         28          0          0      65536       5032   Object Totals
         0          0          0          0      65536          0   (incl. Generated)
         0          0          0          0          0          0   (incl. Padding)

    ----------------------------------------------------------------------

      Code (inc. data)   RO Data    RW Data    ZI Data      Debug   Library Member Name

         8          0          0          0          0         68   __main.o
         0          0          0          0          0          0   __rtentry.o
        12          0          0          0          0          0   __rtentry2.o
         8          4          0          0          0          0   __rtentry6.o
        12          0          0          0          0         72   exit.o
         0          0          0          0          0          0   indicate_semi.o
         2          0          0          0          0          0   libinit.o
         6          0          0          0          0          0   libinit2.o
         2          0          0          0          0          0   libshutdown.o
         2          0          0          0          0          0   libshutdown2.o
         2          0          0          0          0          0   rtexit.o
        10          0          0          0          0          0   rtexit2.o
        12          4          0          0          0         68   sys_exit.o
         2          0          0          0          0         68   use_no_semi.o
        10          0          0          0          0        116   fpinit.o

    ----------------------------------------------------------------------
        88          8          0          0          0        392   Library Totals
         0          0          0          0          0          0   (incl. Padding)

    ----------------------------------------------------------------------

      Code (inc. data)   RO Data    RW Data    ZI Data      Debug   Library Name

        78          8          0          0          0        276   c_2.l
        10          0          0          0          0        116   fz_2v.l

    ----------------------------------------------------------------------
        88          8          0          0          0        392   Library Totals

    ----------------------------------------------------------------------

==============================================================================


      Code (inc. data)   RO Data    RW Data    ZI Data      Debug   

       720         36          0          0      65536       5220   Grand Totals
       720         36          0          0      65536       5220   ELF Image Totals
       720         36          0          0          0          0   ROM Totals

==============================================================================

    Total RO  Size (Code + RO Data)                  720 (   0.70kB)
    Total RW  Size (RW Data + ZI Data)             65536 (  64.00kB)
    Total ROM Size (Code + RO Data + RW Data)        720 (   0.70kB)

==============================================================================

Finished building target: ARM_SYSTEM.axf
 

20:58:31 Build Finished (took 223ms)

